  pch.cpp
  engine_Behaviour.cpp
c:\users\王徐\studio unnamed\999\sunengine\ttt999\vector.h(15): warning C4114: 多次使用同一类型限定符
  c:\users\王徐\studio unnamed\999\sunengine\ttt999\vector.h(19): note: 参见对正在编译的 类 模板 实例化 "Vector2<T>" 的引用
c:\users\王徐\studio unnamed\999\sunengine\ttt999\vector.h(51): warning C4114: 多次使用同一类型限定符
  c:\users\王徐\studio unnamed\999\sunengine\ttt999\vector.h(55): note: 参见对正在编译的 类 模板 实例化 "Vector3<T>" 的引用
c:\users\王徐\studio unnamed\999\sunengine\ttt999\engine_behaviour.cpp(233): warning C4244: “参数”: 从“double”转换到“const GLfloat”，可能丢失数据
  engine_BehaviourManager.cpp
c:\users\王徐\studio unnamed\999\sunengine\ttt999\vector.h(15): warning C4114: 多次使用同一类型限定符
  c:\users\王徐\studio unnamed\999\sunengine\ttt999\vector.h(19): note: 参见对正在编译的 类 模板 实例化 "Vector2<T>" 的引用
c:\users\王徐\studio unnamed\999\sunengine\ttt999\vector.h(51): warning C4114: 多次使用同一类型限定符
  c:\users\王徐\studio unnamed\999\sunengine\ttt999\vector.h(55): note: 参见对正在编译的 类 模板 实例化 "Vector3<T>" 的引用
  engine_Graph.cpp
c:\users\王徐\studio unnamed\999\sunengine\ttt999\vector.h(15): warning C4114: 多次使用同一类型限定符
  c:\users\王徐\studio unnamed\999\sunengine\ttt999\vector.h(19): note: 参见对正在编译的 类 模板 实例化 "Vector2<T>" 的引用
c:\users\王徐\studio unnamed\999\sunengine\ttt999\vector.h(51): warning C4114: 多次使用同一类型限定符
  c:\users\王徐\studio unnamed\999\sunengine\ttt999\vector.h(55): note: 参见对正在编译的 类 模板 实例化 "Vector3<T>" 的引用
c:\users\王徐\studio unnamed\999\sunengine\ttt999\engine_graph.cpp(15): warning C4267: “初始化”: 从“size_t”转换到“int”，可能丢失数据
c:\users\王徐\studio unnamed\999\sunengine\ttt999\engine_graph.cpp(137): warning C4267: “初始化”: 从“size_t”转换到“int”，可能丢失数据
c:\users\王徐\studio unnamed\999\sunengine\ttt999\engine_graph.cpp(151): warning C4267: “初始化”: 从“size_t”转换到“int”，可能丢失数据
c:\users\王徐\studio unnamed\999\sunengine\ttt999\engine_graph.cpp(160): warning C4267: “初始化”: 从“size_t”转换到“int”，可能丢失数据
  engine_Plugin.cpp
c:\users\王徐\studio unnamed\999\sunengine\ttt999\vector.h(15): warning C4114: 多次使用同一类型限定符
  c:\users\王徐\studio unnamed\999\sunengine\ttt999\vector.h(19): note: 参见对正在编译的 类 模板 实例化 "Vector2<T>" 的引用
c:\users\王徐\studio unnamed\999\sunengine\ttt999\vector.h(51): warning C4114: 多次使用同一类型限定符
  c:\users\王徐\studio unnamed\999\sunengine\ttt999\vector.h(55): note: 参见对正在编译的 类 模板 实例化 "Vector3<T>" 的引用
c:\users\王徐\studio unnamed\999\sunengine\ttt999\engine_plugin.cpp(168): warning C4244: “参数”: 从“GLdouble”转换到“GLfloat”，可能丢失数据
c:\users\王徐\studio unnamed\999\sunengine\ttt999\engine_plugin.cpp(167): warning C4244: “参数”: 从“GLdouble”转换到“GLfloat”，可能丢失数据
  gm_TTT.cpp
  sunEngine.cpp
c:\users\王徐\studio unnamed\999\sunengine\ttt999\vector.h(15): warning C4114: 多次使用同一类型限定符
  c:\users\王徐\studio unnamed\999\sunengine\ttt999\vector.h(19): note: 参见对正在编译的 类 模板 实例化 "Vector2<T>" 的引用
c:\users\王徐\studio unnamed\999\sunengine\ttt999\vector.h(51): warning C4114: 多次使用同一类型限定符
  c:\users\王徐\studio unnamed\999\sunengine\ttt999\vector.h(55): note: 参见对正在编译的 类 模板 实例化 "Vector3<T>" 的引用
c:\users\王徐\studio unnamed\999\sunengine\ttt999\sunengine.h(19): warning C4244: “参数”: 从“double”转换到“GLint”，可能丢失数据
c:\users\王徐\studio unnamed\999\sunengine\ttt999\sunengine.cpp(33): warning C4305: “参数”: 从“double”到“const GLfloat”截断
  sunEngine_Utility.cpp
c:\users\王徐\studio unnamed\999\sunengine\ttt999\vector.h(15): warning C4114: 多次使用同一类型限定符
  c:\users\王徐\studio unnamed\999\sunengine\ttt999\vector.h(19): note: 参见对正在编译的 类 模板 实例化 "Vector2<T>" 的引用
c:\users\王徐\studio unnamed\999\sunengine\ttt999\vector.h(51): warning C4114: 多次使用同一类型限定符
  c:\users\王徐\studio unnamed\999\sunengine\ttt999\vector.h(55): note: 参见对正在编译的 类 模板 实例化 "Vector3<T>" 的引用
c:\users\王徐\studio unnamed\999\sunengine\ttt999\sunengine_utility.cpp(78): warning C4244: “参数”: 从“GLdouble”转换到“GLsizei”，可能丢失数据
c:\users\王徐\studio unnamed\999\sunengine\ttt999\sunengine_utility.cpp(78): warning C4244: “参数”: 从“GLdouble”转换到“GLint”，可能丢失数据
c:\users\王徐\studio unnamed\999\sunengine\ttt999\sunengine_utility.cpp(81): warning C4244: “=”: 从“GLdouble”转换到“T”，可能丢失数据
          with
          [
              T=int
          ]
c:\users\王徐\studio unnamed\999\sunengine\ttt999\sunengine_utility.cpp(86): warning C4244: “参数”: 从“double”转换到“GLsizei”，可能丢失数据
c:\users\王徐\studio unnamed\999\sunengine\ttt999\sunengine_utility.cpp(86): warning C4244: “参数”: 从“GLdouble”转换到“GLint”，可能丢失数据
c:\users\王徐\studio unnamed\999\sunengine\ttt999\sunengine_utility.cpp(90): warning C4244: “=”: 从“double”转换到“T”，可能丢失数据
          with
          [
              T=int
          ]
  正在生成代码
  All 300 functions were compiled because no usable IPDB/IOBJ from previous compilation was found.
  已完成代码的生成
  TTT999.vcxproj -> C:\Users\王徐\studio UNNAMED\999\sunEngine\x64\Release\sunEngine.exe
