c:\users\王徐\studio unnamed\999\ttt999\ttt999\debug\vc141.pdb
c:\users\王徐\studio unnamed\999\ttt999\ttt999\debug\vc141.idb
c:\users\王徐\studio unnamed\999\ttt999\ttt999\debug\gm_ttt.obj
c:\users\王徐\studio unnamed\999\ttt999\ttt999\debug\main_loop.obj
c:\users\王徐\studio unnamed\999\ttt999\ttt999\debug\engine_plugin.obj
c:\users\王徐\studio unnamed\999\ttt999\ttt999\debug\engine_graph.obj
c:\users\王徐\studio unnamed\999\ttt999\ttt999\debug\engine_behaviourmanager.obj
c:\users\王徐\studio unnamed\999\ttt999\ttt999\debug\engine_behaviour.obj
c:\users\王徐\studio unnamed\999\ttt999\ttt999\debug\sunengine.obj
c:\users\王徐\studio unnamed\999\ttt999\ttt999\debug\game.obj
c:\users\王徐\studio unnamed\999\ttt999\ttt999\debug\sunengine.pch
c:\users\王徐\studio unnamed\999\ttt999\ttt999\debug\pch.obj
c:\users\王徐\studio unnamed\999\ttt999\ttt999\debug\sunengine_utility.obj
c:\users\王徐\studio unnamed\999\sunengine\ttt999\debug\sunengine.pch
c:\users\王徐\studio unnamed\999\sunengine\ttt999\debug\vc141.pdb
c:\users\王徐\studio unnamed\999\sunengine\ttt999\debug\vc141.idb
c:\users\王徐\studio unnamed\999\sunengine\ttt999\debug\pch.obj
c:\users\王徐\studio unnamed\999\sunengine\ttt999\debug\sunengine_utility.obj
c:\users\王徐\studio unnamed\999\sunengine\ttt999\debug\sunengine.obj
c:\users\王徐\studio unnamed\999\sunengine\ttt999\debug\gm_ttt.obj
c:\users\王徐\studio unnamed\999\sunengine\ttt999\debug\engine_plugin.obj
c:\users\王徐\studio unnamed\999\sunengine\ttt999\debug\engine_graph.obj
c:\users\王徐\studio unnamed\999\sunengine\ttt999\debug\engine_behaviourmanager.obj
c:\users\王徐\studio unnamed\999\sunengine\ttt999\debug\engine_behaviour.obj
c:\users\王徐\studio unnamed\999\ttt999\debug\sunengine.exe
c:\users\王徐\studio unnamed\999\ttt999\debug\sunengine.ilk
c:\users\王徐\studio unnamed\999\ttt999\debug\sunengine.pdb
c:\users\王徐\studio unnamed\999\sunengine\debug\sunengine.exe
c:\users\王徐\studio unnamed\999\sunengine\debug\sunengine.ilk
c:\users\王徐\studio unnamed\999\sunengine\debug\sunengine.pdb
c:\users\王徐\studio unnamed\999\ttt999\ttt999\debug\ttt999.res
c:\users\王徐\studio unnamed\999\sunengine\ttt999\debug\ttt999.res
c:\users\王徐\studio unnamed\999\sunengine\ttt999\debug\behaviour_manager.obj
c:\users\王徐\studio unnamed\999\sunengine\ttt999\debug\game.obj
c:\users\王徐\studio unnamed\999\sunengine\ttt999\debug\main_loop.obj
c:\users\王徐\studio unnamed\999\sunengine\ttt999\debug\ttt999.obj
c:\users\王徐\studio unnamed\999\sunengine\ttt999\debug\ttt999.pch
c:\users\王徐\studio unnamed\999\sunengine\ttt999\debug\sunengine.tlog\cl.command.1.tlog
c:\users\王徐\studio unnamed\999\sunengine\ttt999\debug\sunengine.tlog\cl.read.1.tlog
c:\users\王徐\studio unnamed\999\sunengine\ttt999\debug\sunengine.tlog\cl.write.1.tlog
c:\users\王徐\studio unnamed\999\sunengine\ttt999\debug\sunengine.tlog\link.command.1.tlog
c:\users\王徐\studio unnamed\999\sunengine\ttt999\debug\sunengine.tlog\link.read.1.tlog
c:\users\王徐\studio unnamed\999\sunengine\ttt999\debug\sunengine.tlog\link.write.1.tlog
c:\users\王徐\studio unnamed\999\sunengine\ttt999\debug\sunengine.tlog\rc.command.1.tlog
c:\users\王徐\studio unnamed\999\sunengine\ttt999\debug\sunengine.tlog\rc.read.1.tlog
c:\users\王徐\studio unnamed\999\sunengine\ttt999\debug\sunengine.tlog\rc.write.1.tlog
